<component name="libraryTable">
  <library name="junit4">
    <CLASSES>
      <root url="jar://$APPLICATION_HOME_DIR$/lib/junit4.jar!/" />
      <root url="jar://$PROJECT_DIR$/../mysql-connector-j-8.0.32.jar!/" />
      <root url="jar://$PROJECT_DIR$/mysql-connector-j-8.0.32.jar!/" />
    </CLASSES>
    <JAVADOC />
    <SOURCES />
  </library>
</component>